2024-04-24 15:01:44,563 DEBUG scheduler Queued events for site site1.local
2024-04-24 15:02:44,733 DEBUG scheduler Queued events for site site1.local
2024-04-24 15:03:44,866 DEBUG scheduler Queued events for site site1.local
2024-04-24 15:04:45,031 DEBUG scheduler Queued events for site site1.local
2024-04-24 15:04:45,059 INFO scheduler Scheduled Job Start: frappe.monitor.flush for site1.local
2024-04-24 15:04:45,216 INFO scheduler Scheduled Job Complete: frappe.monitor.flush for site1.local
2024-04-24 15:04:45,290 INFO scheduler Scheduled Job Start: frappe.utils.global_search.sync_global_search for site1.local
2024-04-24 15:04:45,432 INFO scheduler Scheduled Job Complete: frappe.utils.global_search.sync_global_search for site1.local
2024-04-24 15:04:45,490 INFO scheduler Scheduled Job Start: frappe.integrations.doctype.razorpay_settings.razorpay_settings.capture_payment for site1.local
2024-04-24 15:04:45,715 INFO scheduler Scheduled Job Complete: frappe.integrations.doctype.razorpay_settings.razorpay_settings.capture_payment for site1.local
2024-04-24 15:04:45,772 INFO scheduler Scheduled Job Start: frappe.email.doctype.email_account.email_account.notify_unreplied for site1.local
2024-04-24 15:04:45,961 INFO scheduler Scheduled Job Complete: frappe.email.doctype.email_account.email_account.notify_unreplied for site1.local
2024-04-24 15:04:46,017 INFO scheduler Scheduled Job Start: frappe.email.doctype.email_account.email_account.pull for site1.local
2024-04-24 15:04:46,210 INFO scheduler Scheduled Job Complete: frappe.email.doctype.email_account.email_account.pull for site1.local
2024-04-24 15:04:46,265 INFO scheduler Scheduled Job Start: frappe.email.queue.flush for site1.local
2024-04-24 15:04:46,421 INFO scheduler Scheduled Job Complete: frappe.email.queue.flush for site1.local
2024-04-24 15:05:45,196 DEBUG scheduler Queued events for site site1.local
2024-04-24 15:06:45,317 DEBUG scheduler Queued events for site site1.local
2024-04-24 15:07:45,469 DEBUG scheduler Queued events for site site1.local
2024-04-24 15:08:45,649 DEBUG scheduler Queued events for site site1.local
2024-04-24 15:08:45,678 INFO scheduler Scheduled Job Start: frappe.monitor.flush for site1.local
2024-04-24 15:08:45,835 INFO scheduler Scheduled Job Complete: frappe.monitor.flush for site1.local
2024-04-24 15:08:45,911 INFO scheduler Scheduled Job Start: frappe.utils.global_search.sync_global_search for site1.local
2024-04-24 15:08:46,092 INFO scheduler Scheduled Job Complete: frappe.utils.global_search.sync_global_search for site1.local
2024-04-24 15:08:46,164 INFO scheduler Scheduled Job Start: frappe.integrations.doctype.razorpay_settings.razorpay_settings.capture_payment for site1.local
2024-04-24 15:08:46,413 INFO scheduler Scheduled Job Complete: frappe.integrations.doctype.razorpay_settings.razorpay_settings.capture_payment for site1.local
2024-04-24 15:08:46,478 INFO scheduler Scheduled Job Start: frappe.email.doctype.email_account.email_account.notify_unreplied for site1.local
2024-04-24 15:08:46,794 INFO scheduler Scheduled Job Complete: frappe.email.doctype.email_account.email_account.notify_unreplied for site1.local
2024-04-24 15:08:46,861 INFO scheduler Scheduled Job Start: frappe.email.doctype.email_account.email_account.pull for site1.local
2024-04-24 15:08:47,096 INFO scheduler Scheduled Job Complete: frappe.email.doctype.email_account.email_account.pull for site1.local
2024-04-24 15:08:47,165 INFO scheduler Scheduled Job Start: frappe.email.queue.flush for site1.local
2024-04-24 15:08:47,350 INFO scheduler Scheduled Job Complete: frappe.email.queue.flush for site1.local
2024-04-24 15:09:45,804 DEBUG scheduler Queued events for site site1.local
2024-04-24 15:10:45,977 DEBUG scheduler Queued events for site site1.local
2024-04-24 15:11:46,135 DEBUG scheduler Queued events for site site1.local
2024-04-24 15:12:46,303 DEBUG scheduler Queued events for site site1.local
2024-04-24 15:12:46,327 INFO scheduler Scheduled Job Start: frappe.monitor.flush for site1.local
2024-04-24 15:12:46,479 INFO scheduler Scheduled Job Complete: frappe.monitor.flush for site1.local
2024-04-24 15:12:46,539 INFO scheduler Scheduled Job Start: frappe.utils.global_search.sync_global_search for site1.local
2024-04-24 15:12:46,678 INFO scheduler Scheduled Job Complete: frappe.utils.global_search.sync_global_search for site1.local
2024-04-24 15:12:46,745 INFO scheduler Scheduled Job Start: frappe.integrations.doctype.razorpay_settings.razorpay_settings.capture_payment for site1.local
2024-04-24 15:12:46,989 INFO scheduler Scheduled Job Complete: frappe.integrations.doctype.razorpay_settings.razorpay_settings.capture_payment for site1.local
2024-04-24 15:12:47,051 INFO scheduler Scheduled Job Start: frappe.email.doctype.email_account.email_account.notify_unreplied for site1.local
2024-04-24 15:12:47,256 INFO scheduler Scheduled Job Complete: frappe.email.doctype.email_account.email_account.notify_unreplied for site1.local
2024-04-24 15:12:47,319 INFO scheduler Scheduled Job Start: frappe.email.doctype.email_account.email_account.pull for site1.local
2024-04-24 15:12:47,536 INFO scheduler Scheduled Job Complete: frappe.email.doctype.email_account.email_account.pull for site1.local
2024-04-24 15:12:47,594 INFO scheduler Scheduled Job Start: frappe.email.queue.flush for site1.local
2024-04-24 15:12:47,751 INFO scheduler Scheduled Job Complete: frappe.email.queue.flush for site1.local
2024-04-24 15:13:46,455 DEBUG scheduler Queued events for site site1.local
2024-04-24 15:14:46,613 DEBUG scheduler Queued events for site site1.local
2024-04-24 15:15:46,798 DEBUG scheduler Queued events for site site1.local
2024-04-24 15:15:46,844 INFO scheduler Scheduled Job Start: frappe.twofactor.delete_all_barcodes_for_users for site1.local
2024-04-24 15:15:47,075 INFO scheduler Scheduled Job Complete: frappe.twofactor.delete_all_barcodes_for_users for site1.local
2024-04-24 15:15:47,172 INFO scheduler Scheduled Job Start: frappe.website.doctype.web_page.web_page.check_publish_status for site1.local
2024-04-24 15:15:47,444 INFO scheduler Scheduled Job Complete: frappe.website.doctype.web_page.web_page.check_publish_status for site1.local
2024-04-24 15:15:47,524 INFO scheduler Scheduled Job Start: frappe.oauth.delete_oauth2_data for site1.local
2024-04-24 15:15:47,731 INFO scheduler Scheduled Job Complete: frappe.oauth.delete_oauth2_data for site1.local
2024-04-24 15:16:46,941 DEBUG scheduler Queued events for site site1.local
2024-04-24 15:16:46,969 INFO scheduler Scheduled Job Start: frappe.monitor.flush for site1.local
2024-04-24 15:16:47,123 INFO scheduler Scheduled Job Complete: frappe.monitor.flush for site1.local
2024-04-24 15:16:47,192 INFO scheduler Scheduled Job Start: frappe.utils.global_search.sync_global_search for site1.local
2024-04-24 15:16:47,330 INFO scheduler Scheduled Job Complete: frappe.utils.global_search.sync_global_search for site1.local
2024-04-24 15:16:47,388 INFO scheduler Scheduled Job Start: frappe.integrations.doctype.razorpay_settings.razorpay_settings.capture_payment for site1.local
2024-04-24 15:16:47,616 INFO scheduler Scheduled Job Complete: frappe.integrations.doctype.razorpay_settings.razorpay_settings.capture_payment for site1.local
2024-04-24 15:16:47,674 INFO scheduler Scheduled Job Start: frappe.email.doctype.email_account.email_account.notify_unreplied for site1.local
2024-04-24 15:16:47,885 INFO scheduler Scheduled Job Complete: frappe.email.doctype.email_account.email_account.notify_unreplied for site1.local
2024-04-24 15:16:47,954 INFO scheduler Scheduled Job Start: frappe.email.doctype.email_account.email_account.pull for site1.local
2024-04-24 15:16:48,251 INFO scheduler Scheduled Job Complete: frappe.email.doctype.email_account.email_account.pull for site1.local
2024-04-24 15:16:48,319 INFO scheduler Scheduled Job Start: frappe.email.queue.flush for site1.local
2024-04-24 15:16:48,506 INFO scheduler Scheduled Job Complete: frappe.email.queue.flush for site1.local
2024-04-24 15:17:47,084 DEBUG scheduler Queued events for site site1.local
2024-04-24 15:18:47,245 DEBUG scheduler Queued events for site site1.local
2024-04-24 15:19:47,402 DEBUG scheduler Queued events for site site1.local
2024-04-24 15:20:47,578 DEBUG scheduler Queued events for site site1.local
2024-04-24 15:20:47,608 INFO scheduler Scheduled Job Start: frappe.monitor.flush for site1.local
2024-04-24 15:20:47,767 INFO scheduler Scheduled Job Complete: frappe.monitor.flush for site1.local
2024-04-24 15:20:47,840 INFO scheduler Scheduled Job Start: frappe.utils.global_search.sync_global_search for site1.local
2024-04-24 15:20:47,984 INFO scheduler Scheduled Job Complete: frappe.utils.global_search.sync_global_search for site1.local
2024-04-24 15:20:48,046 INFO scheduler Scheduled Job Start: frappe.integrations.doctype.razorpay_settings.razorpay_settings.capture_payment for site1.local
2024-04-24 15:20:48,307 INFO scheduler Scheduled Job Complete: frappe.integrations.doctype.razorpay_settings.razorpay_settings.capture_payment for site1.local
2024-04-24 15:20:48,372 INFO scheduler Scheduled Job Start: frappe.email.doctype.email_account.email_account.notify_unreplied for site1.local
2024-04-24 15:20:48,602 INFO scheduler Scheduled Job Complete: frappe.email.doctype.email_account.email_account.notify_unreplied for site1.local
2024-04-24 15:20:48,668 INFO scheduler Scheduled Job Start: frappe.email.doctype.email_account.email_account.pull for site1.local
2024-04-24 15:20:48,896 INFO scheduler Scheduled Job Complete: frappe.email.doctype.email_account.email_account.pull for site1.local
2024-04-24 15:20:48,961 INFO scheduler Scheduled Job Start: frappe.email.queue.flush for site1.local
2024-04-24 15:20:49,137 INFO scheduler Scheduled Job Complete: frappe.email.queue.flush for site1.local
2024-04-24 15:21:47,741 DEBUG scheduler Queued events for site site1.local
2024-04-24 15:22:47,910 DEBUG scheduler Queued events for site site1.local
2024-04-24 15:23:48,068 DEBUG scheduler Queued events for site site1.local
2024-04-24 15:24:48,227 DEBUG scheduler Queued events for site site1.local
2024-04-24 15:24:48,253 INFO scheduler Scheduled Job Start: frappe.monitor.flush for site1.local
2024-04-24 15:24:48,412 INFO scheduler Scheduled Job Complete: frappe.monitor.flush for site1.local
2024-04-24 15:24:48,486 INFO scheduler Scheduled Job Start: frappe.utils.global_search.sync_global_search for site1.local
2024-04-24 15:24:48,645 INFO scheduler Scheduled Job Complete: frappe.utils.global_search.sync_global_search for site1.local
2024-04-24 15:24:48,707 INFO scheduler Scheduled Job Start: frappe.integrations.doctype.razorpay_settings.razorpay_settings.capture_payment for site1.local
2024-04-24 15:24:48,986 INFO scheduler Scheduled Job Complete: frappe.integrations.doctype.razorpay_settings.razorpay_settings.capture_payment for site1.local
2024-04-24 15:24:49,043 INFO scheduler Scheduled Job Start: frappe.email.doctype.email_account.email_account.notify_unreplied for site1.local
2024-04-24 15:24:49,227 INFO scheduler Scheduled Job Complete: frappe.email.doctype.email_account.email_account.notify_unreplied for site1.local
2024-04-24 15:24:49,283 INFO scheduler Scheduled Job Start: frappe.email.doctype.email_account.email_account.pull for site1.local
2024-04-24 15:24:49,484 INFO scheduler Scheduled Job Complete: frappe.email.doctype.email_account.email_account.pull for site1.local
2024-04-24 15:24:49,541 INFO scheduler Scheduled Job Start: frappe.email.queue.flush for site1.local
2024-04-24 15:24:49,701 INFO scheduler Scheduled Job Complete: frappe.email.queue.flush for site1.local
2024-04-24 15:25:48,336 DEBUG scheduler Queued events for site site1.local
2024-04-24 15:26:48,487 DEBUG scheduler Queued events for site site1.local
2024-04-24 15:27:48,629 DEBUG scheduler Queued events for site site1.local
2024-04-24 15:28:48,801 DEBUG scheduler Queued events for site site1.local
2024-04-24 15:28:48,830 INFO scheduler Scheduled Job Start: frappe.monitor.flush for site1.local
2024-04-24 15:28:49,015 INFO scheduler Scheduled Job Complete: frappe.monitor.flush for site1.local
2024-04-24 15:28:49,093 INFO scheduler Scheduled Job Start: frappe.utils.global_search.sync_global_search for site1.local
2024-04-24 15:28:49,279 INFO scheduler Scheduled Job Complete: frappe.utils.global_search.sync_global_search for site1.local
2024-04-24 15:28:49,351 INFO scheduler Scheduled Job Start: frappe.integrations.doctype.razorpay_settings.razorpay_settings.capture_payment for site1.local
2024-04-24 15:28:49,600 INFO scheduler Scheduled Job Complete: frappe.integrations.doctype.razorpay_settings.razorpay_settings.capture_payment for site1.local
2024-04-24 15:28:49,668 INFO scheduler Scheduled Job Start: frappe.email.doctype.email_account.email_account.notify_unreplied for site1.local
2024-04-24 15:28:49,884 INFO scheduler Scheduled Job Complete: frappe.email.doctype.email_account.email_account.notify_unreplied for site1.local
2024-04-24 15:28:49,948 INFO scheduler Scheduled Job Start: frappe.email.doctype.email_account.email_account.pull for site1.local
2024-04-24 15:28:50,161 INFO scheduler Scheduled Job Complete: frappe.email.doctype.email_account.email_account.pull for site1.local
2024-04-24 15:28:50,226 INFO scheduler Scheduled Job Start: frappe.email.queue.flush for site1.local
2024-04-24 15:28:50,427 INFO scheduler Scheduled Job Complete: frappe.email.queue.flush for site1.local
2024-04-24 15:29:48,946 DEBUG scheduler Queued events for site site1.local
2024-04-24 15:30:49,130 DEBUG scheduler Queued events for site site1.local
2024-04-24 15:30:49,179 INFO scheduler Scheduled Job Start: frappe.twofactor.delete_all_barcodes_for_users for site1.local
2024-04-24 15:30:49,461 INFO scheduler Scheduled Job Complete: frappe.twofactor.delete_all_barcodes_for_users for site1.local
2024-04-24 15:30:49,538 INFO scheduler Scheduled Job Start: frappe.website.doctype.web_page.web_page.check_publish_status for site1.local
2024-04-24 15:30:49,875 INFO scheduler Scheduled Job Complete: frappe.website.doctype.web_page.web_page.check_publish_status for site1.local
2024-04-24 15:30:49,962 INFO scheduler Scheduled Job Start: frappe.oauth.delete_oauth2_data for site1.local
2024-04-24 15:30:50,199 INFO scheduler Scheduled Job Complete: frappe.oauth.delete_oauth2_data for site1.local
2024-04-24 15:31:49,289 DEBUG scheduler Queued events for site site1.local
2024-04-24 15:32:49,475 DEBUG scheduler Queued events for site site1.local
2024-04-24 15:32:49,500 INFO scheduler Scheduled Job Start: frappe.monitor.flush for site1.local
2024-04-24 15:32:49,669 INFO scheduler Scheduled Job Complete: frappe.monitor.flush for site1.local
2024-04-24 15:32:49,730 INFO scheduler Scheduled Job Start: frappe.utils.global_search.sync_global_search for site1.local
2024-04-24 15:32:49,877 INFO scheduler Scheduled Job Complete: frappe.utils.global_search.sync_global_search for site1.local
2024-04-24 15:32:49,937 INFO scheduler Scheduled Job Start: frappe.integrations.doctype.razorpay_settings.razorpay_settings.capture_payment for site1.local
2024-04-24 15:32:50,175 INFO scheduler Scheduled Job Complete: frappe.integrations.doctype.razorpay_settings.razorpay_settings.capture_payment for site1.local
2024-04-24 15:32:50,233 INFO scheduler Scheduled Job Start: frappe.email.doctype.email_account.email_account.notify_unreplied for site1.local
2024-04-24 15:32:50,425 INFO scheduler Scheduled Job Complete: frappe.email.doctype.email_account.email_account.notify_unreplied for site1.local
2024-04-24 15:32:50,484 INFO scheduler Scheduled Job Start: frappe.email.doctype.email_account.email_account.pull for site1.local
2024-04-24 15:32:50,689 INFO scheduler Scheduled Job Complete: frappe.email.doctype.email_account.email_account.pull for site1.local
2024-04-24 15:32:50,745 INFO scheduler Scheduled Job Start: frappe.email.queue.flush for site1.local
2024-04-24 15:32:50,918 INFO scheduler Scheduled Job Complete: frappe.email.queue.flush for site1.local
2024-04-24 15:33:49,645 DEBUG scheduler Queued events for site site1.local
2024-04-24 15:34:49,800 DEBUG scheduler Queued events for site site1.local
2024-04-24 15:35:49,944 DEBUG scheduler Queued events for site site1.local
2024-04-24 15:36:50,123 DEBUG scheduler Queued events for site site1.local
2024-04-24 15:36:50,151 INFO scheduler Scheduled Job Start: frappe.monitor.flush for site1.local
2024-04-24 15:36:50,307 INFO scheduler Scheduled Job Complete: frappe.monitor.flush for site1.local
2024-04-24 15:36:50,374 INFO scheduler Scheduled Job Start: frappe.utils.global_search.sync_global_search for site1.local
2024-04-24 15:36:50,516 INFO scheduler Scheduled Job Complete: frappe.utils.global_search.sync_global_search for site1.local
2024-04-24 15:36:50,578 INFO scheduler Scheduled Job Start: frappe.integrations.doctype.razorpay_settings.razorpay_settings.capture_payment for site1.local
2024-04-24 15:36:50,819 INFO scheduler Scheduled Job Complete: frappe.integrations.doctype.razorpay_settings.razorpay_settings.capture_payment for site1.local
2024-04-24 15:36:50,880 INFO scheduler Scheduled Job Start: frappe.email.doctype.email_account.email_account.notify_unreplied for site1.local
2024-04-24 15:36:51,072 INFO scheduler Scheduled Job Complete: frappe.email.doctype.email_account.email_account.notify_unreplied for site1.local
2024-04-24 15:36:51,131 INFO scheduler Scheduled Job Start: frappe.email.doctype.email_account.email_account.pull for site1.local
2024-04-24 15:36:51,376 INFO scheduler Scheduled Job Complete: frappe.email.doctype.email_account.email_account.pull for site1.local
2024-04-24 15:36:51,439 INFO scheduler Scheduled Job Start: frappe.email.queue.flush for site1.local
2024-04-24 15:36:51,596 INFO scheduler Scheduled Job Complete: frappe.email.queue.flush for site1.local
2024-04-24 15:37:50,282 DEBUG scheduler Queued events for site site1.local
2024-04-24 15:38:50,432 DEBUG scheduler Queued events for site site1.local
2024-04-24 15:39:50,593 DEBUG scheduler Queued events for site site1.local
2024-04-24 15:40:50,747 DEBUG scheduler Queued events for site site1.local
2024-04-24 15:40:50,774 INFO scheduler Scheduled Job Start: frappe.monitor.flush for site1.local
2024-04-24 15:40:50,950 INFO scheduler Scheduled Job Complete: frappe.monitor.flush for site1.local
2024-04-24 15:40:51,016 INFO scheduler Scheduled Job Start: frappe.utils.global_search.sync_global_search for site1.local
2024-04-24 15:40:51,157 INFO scheduler Scheduled Job Complete: frappe.utils.global_search.sync_global_search for site1.local
2024-04-24 15:40:51,218 INFO scheduler Scheduled Job Start: frappe.integrations.doctype.razorpay_settings.razorpay_settings.capture_payment for site1.local
2024-04-24 15:40:51,535 INFO scheduler Scheduled Job Complete: frappe.integrations.doctype.razorpay_settings.razorpay_settings.capture_payment for site1.local
2024-04-24 15:40:51,604 INFO scheduler Scheduled Job Start: frappe.email.doctype.email_account.email_account.notify_unreplied for site1.local
2024-04-24 15:40:51,821 INFO scheduler Scheduled Job Complete: frappe.email.doctype.email_account.email_account.notify_unreplied for site1.local
2024-04-24 15:40:51,885 INFO scheduler Scheduled Job Start: frappe.email.doctype.email_account.email_account.pull for site1.local
2024-04-24 15:40:52,095 INFO scheduler Scheduled Job Complete: frappe.email.doctype.email_account.email_account.pull for site1.local
2024-04-24 15:40:52,158 INFO scheduler Scheduled Job Start: frappe.email.queue.flush for site1.local
2024-04-24 15:40:52,378 INFO scheduler Scheduled Job Complete: frappe.email.queue.flush for site1.local
2024-04-24 15:41:50,932 DEBUG scheduler Queued events for site site1.local
2024-04-24 15:42:51,077 DEBUG scheduler Queued events for site site1.local
2024-04-24 15:43:51,223 DEBUG scheduler Queued events for site site1.local
2024-04-24 15:44:51,389 DEBUG scheduler Queued events for site site1.local
2024-04-24 15:44:51,421 INFO scheduler Scheduled Job Start: frappe.monitor.flush for site1.local
2024-04-24 15:44:51,624 INFO scheduler Scheduled Job Complete: frappe.monitor.flush for site1.local
2024-04-24 15:44:51,697 INFO scheduler Scheduled Job Start: frappe.utils.global_search.sync_global_search for site1.local
2024-04-24 15:44:51,865 INFO scheduler Scheduled Job Complete: frappe.utils.global_search.sync_global_search for site1.local
2024-04-24 15:44:51,935 INFO scheduler Scheduled Job Start: frappe.integrations.doctype.razorpay_settings.razorpay_settings.capture_payment for site1.local
2024-04-24 15:44:52,199 INFO scheduler Scheduled Job Complete: frappe.integrations.doctype.razorpay_settings.razorpay_settings.capture_payment for site1.local
2024-04-24 15:44:52,264 INFO scheduler Scheduled Job Start: frappe.email.doctype.email_account.email_account.notify_unreplied for site1.local
2024-04-24 15:44:52,472 INFO scheduler Scheduled Job Complete: frappe.email.doctype.email_account.email_account.notify_unreplied for site1.local
2024-04-24 15:44:52,538 INFO scheduler Scheduled Job Start: frappe.email.doctype.email_account.email_account.pull for site1.local
2024-04-24 15:44:52,765 INFO scheduler Scheduled Job Complete: frappe.email.doctype.email_account.email_account.pull for site1.local
2024-04-24 15:44:52,825 INFO scheduler Scheduled Job Start: frappe.email.queue.flush for site1.local
2024-04-24 15:44:52,988 INFO scheduler Scheduled Job Complete: frappe.email.queue.flush for site1.local
2024-04-24 15:45:51,535 DEBUG scheduler Queued events for site site1.local
2024-04-24 15:45:51,586 INFO scheduler Scheduled Job Start: frappe.twofactor.delete_all_barcodes_for_users for site1.local
2024-04-24 15:45:51,893 INFO scheduler Scheduled Job Complete: frappe.twofactor.delete_all_barcodes_for_users for site1.local
2024-04-24 15:45:51,989 INFO scheduler Scheduled Job Start: frappe.website.doctype.web_page.web_page.check_publish_status for site1.local
2024-04-24 15:45:52,246 INFO scheduler Scheduled Job Complete: frappe.website.doctype.web_page.web_page.check_publish_status for site1.local
2024-04-24 15:45:52,402 INFO scheduler Scheduled Job Start: frappe.oauth.delete_oauth2_data for site1.local
2024-04-24 15:45:52,665 INFO scheduler Scheduled Job Complete: frappe.oauth.delete_oauth2_data for site1.local
2024-04-24 15:46:51,698 DEBUG scheduler Queued events for site site1.local
2024-04-24 15:47:51,861 DEBUG scheduler Queued events for site site1.local
2024-04-24 15:48:52,048 DEBUG scheduler Queued events for site site1.local
2024-04-24 15:48:52,075 INFO scheduler Scheduled Job Start: frappe.monitor.flush for site1.local
2024-04-24 15:48:52,248 INFO scheduler Scheduled Job Complete: frappe.monitor.flush for site1.local
2024-04-24 15:48:52,332 INFO scheduler Scheduled Job Start: frappe.utils.global_search.sync_global_search for site1.local
2024-04-24 15:48:52,535 INFO scheduler Scheduled Job Complete: frappe.utils.global_search.sync_global_search for site1.local
2024-04-24 15:48:52,608 INFO scheduler Scheduled Job Start: frappe.integrations.doctype.razorpay_settings.razorpay_settings.capture_payment for site1.local
2024-04-24 15:48:52,873 INFO scheduler Scheduled Job Complete: frappe.integrations.doctype.razorpay_settings.razorpay_settings.capture_payment for site1.local
2024-04-24 15:48:52,937 INFO scheduler Scheduled Job Start: frappe.email.doctype.email_account.email_account.notify_unreplied for site1.local
2024-04-24 15:48:53,143 INFO scheduler Scheduled Job Complete: frappe.email.doctype.email_account.email_account.notify_unreplied for site1.local
2024-04-24 15:48:53,202 INFO scheduler Scheduled Job Start: frappe.email.doctype.email_account.email_account.pull for site1.local
2024-04-24 15:48:53,432 INFO scheduler Scheduled Job Complete: frappe.email.doctype.email_account.email_account.pull for site1.local
2024-04-24 15:48:53,490 INFO scheduler Scheduled Job Start: frappe.email.queue.flush for site1.local
2024-04-24 15:48:53,664 INFO scheduler Scheduled Job Complete: frappe.email.queue.flush for site1.local
2024-04-24 15:49:52,203 DEBUG scheduler Queued events for site site1.local
2024-04-24 15:50:52,374 DEBUG scheduler Queued events for site site1.local
2024-04-24 15:51:52,538 DEBUG scheduler Queued events for site site1.local
2024-04-24 15:52:52,703 DEBUG scheduler Queued events for site site1.local
2024-04-24 15:52:52,728 INFO scheduler Scheduled Job Start: frappe.monitor.flush for site1.local
2024-04-24 15:52:52,880 INFO scheduler Scheduled Job Complete: frappe.monitor.flush for site1.local
2024-04-24 15:52:52,942 INFO scheduler Scheduled Job Start: frappe.utils.global_search.sync_global_search for site1.local
2024-04-24 15:52:53,080 INFO scheduler Scheduled Job Complete: frappe.utils.global_search.sync_global_search for site1.local
2024-04-24 15:52:53,143 INFO scheduler Scheduled Job Start: frappe.integrations.doctype.razorpay_settings.razorpay_settings.capture_payment for site1.local
2024-04-24 15:52:53,373 INFO scheduler Scheduled Job Complete: frappe.integrations.doctype.razorpay_settings.razorpay_settings.capture_payment for site1.local
2024-04-24 15:52:53,428 INFO scheduler Scheduled Job Start: frappe.email.doctype.email_account.email_account.notify_unreplied for site1.local
2024-04-24 15:52:53,611 INFO scheduler Scheduled Job Complete: frappe.email.doctype.email_account.email_account.notify_unreplied for site1.local
2024-04-24 15:52:53,668 INFO scheduler Scheduled Job Start: frappe.email.doctype.email_account.email_account.pull for site1.local
2024-04-24 15:52:53,876 INFO scheduler Scheduled Job Complete: frappe.email.doctype.email_account.email_account.pull for site1.local
2024-04-24 15:52:53,933 INFO scheduler Scheduled Job Start: frappe.email.queue.flush for site1.local
2024-04-24 15:52:54,094 INFO scheduler Scheduled Job Complete: frappe.email.queue.flush for site1.local
2024-04-24 15:53:52,861 DEBUG scheduler Queued events for site site1.local
2024-04-24 15:54:53,024 DEBUG scheduler Queued events for site site1.local
2024-04-24 15:55:53,128 DEBUG scheduler Queued events for site site1.local
2024-04-24 15:56:53,299 DEBUG scheduler Queued events for site site1.local
2024-04-24 15:56:53,328 INFO scheduler Scheduled Job Start: frappe.monitor.flush for site1.local
2024-04-24 15:56:53,496 INFO scheduler Scheduled Job Complete: frappe.monitor.flush for site1.local
2024-04-24 15:56:53,565 INFO scheduler Scheduled Job Start: frappe.utils.global_search.sync_global_search for site1.local
2024-04-24 15:56:53,703 INFO scheduler Scheduled Job Complete: frappe.utils.global_search.sync_global_search for site1.local
2024-04-24 15:56:53,763 INFO scheduler Scheduled Job Start: frappe.integrations.doctype.razorpay_settings.razorpay_settings.capture_payment for site1.local
2024-04-24 15:56:54,013 INFO scheduler Scheduled Job Complete: frappe.integrations.doctype.razorpay_settings.razorpay_settings.capture_payment for site1.local
2024-04-24 15:56:54,072 INFO scheduler Scheduled Job Start: frappe.email.doctype.email_account.email_account.notify_unreplied for site1.local
2024-04-24 15:56:54,274 INFO scheduler Scheduled Job Complete: frappe.email.doctype.email_account.email_account.notify_unreplied for site1.local
2024-04-24 15:56:54,330 INFO scheduler Scheduled Job Start: frappe.email.doctype.email_account.email_account.pull for site1.local
2024-04-24 15:56:54,537 INFO scheduler Scheduled Job Complete: frappe.email.doctype.email_account.email_account.pull for site1.local
2024-04-24 15:56:54,594 INFO scheduler Scheduled Job Start: frappe.email.queue.flush for site1.local
2024-04-24 15:56:54,751 INFO scheduler Scheduled Job Complete: frappe.email.queue.flush for site1.local
2024-04-24 15:57:53,467 DEBUG scheduler Queued events for site site1.local
2024-04-24 15:58:53,589 DEBUG scheduler Queued events for site site1.local
2024-04-24 15:59:53,717 DEBUG scheduler Queued events for site site1.local
2024-04-24 16:00:53,990 INFO scheduler Scheduled Job Start: frappe.email.doctype.newsletter.newsletter.send_scheduled_email for site1.local
2024-04-24 16:00:54,031 DEBUG scheduler Queued events for site site1.local
2024-04-24 16:00:54,366 INFO scheduler Scheduled Job Complete: frappe.email.doctype.newsletter.newsletter.send_scheduled_email for site1.local
2024-04-24 16:00:54,456 INFO scheduler Scheduled Job Start: frappe.integrations.doctype.google_calendar.google_calendar.sync for site1.local
2024-04-24 16:00:55,024 INFO scheduler Scheduled Job Complete: frappe.integrations.doctype.google_calendar.google_calendar.sync for site1.local
2024-04-24 16:00:55,119 INFO scheduler Scheduled Job Start: frappe.desk.form.document_follow.send_hourly_updates for site1.local
2024-04-24 16:00:55,349 INFO scheduler Scheduled Job Complete: frappe.desk.form.document_follow.send_hourly_updates for site1.local
2024-04-24 16:00:55,480 INFO scheduler Scheduled Job Start: frappe.deferred_insert.save_to_db for site1.local
2024-04-24 16:00:56,012 INFO scheduler Scheduled Job Complete: frappe.deferred_insert.save_to_db for site1.local
2024-04-24 16:00:56,088 INFO scheduler Scheduled Job Start: frappe.desk.page.backups.backups.delete_downloadable_backups for site1.local
2024-04-24 16:00:56,291 INFO scheduler Scheduled Job Complete: frappe.desk.page.backups.backups.delete_downloadable_backups for site1.local
2024-04-24 16:00:56,362 INFO scheduler Scheduled Job Start: frappe.utils.error.collect_error_snapshots for site1.local
2024-04-24 16:00:56,585 INFO scheduler Scheduled Job Complete: frappe.utils.error.collect_error_snapshots for site1.local
2024-04-24 16:00:56,654 INFO scheduler Scheduled Job Start: frappe.model.utils.user_settings.sync_user_settings for site1.local
2024-04-24 16:00:56,864 INFO scheduler Scheduled Job Complete: frappe.model.utils.user_settings.sync_user_settings for site1.local
2024-04-24 16:00:57,014 INFO scheduler Scheduled Job Start: frappe.model.utils.link_count.update_link_count for site1.local
2024-04-24 16:00:57,216 INFO scheduler Scheduled Job Complete: frappe.model.utils.link_count.update_link_count for site1.local
2024-04-24 16:00:57,295 INFO scheduler Scheduled Job Start: frappe.monitor.flush for site1.local
2024-04-24 16:00:57,440 INFO scheduler Scheduled Job Complete: frappe.monitor.flush for site1.local
2024-04-24 16:00:57,504 INFO scheduler Scheduled Job Start: frappe.utils.global_search.sync_global_search for site1.local
2024-04-24 16:00:57,675 INFO scheduler Scheduled Job Complete: frappe.utils.global_search.sync_global_search for site1.local
2024-04-24 16:00:57,747 INFO scheduler Scheduled Job Start: frappe.integrations.doctype.razorpay_settings.razorpay_settings.capture_payment for site1.local
2024-04-24 16:00:58,046 INFO scheduler Scheduled Job Complete: frappe.integrations.doctype.razorpay_settings.razorpay_settings.capture_payment for site1.local
2024-04-24 16:00:58,112 INFO scheduler Scheduled Job Start: frappe.email.doctype.email_account.email_account.notify_unreplied for site1.local
2024-04-24 16:00:58,337 INFO scheduler Scheduled Job Complete: frappe.email.doctype.email_account.email_account.notify_unreplied for site1.local
2024-04-24 16:00:58,400 INFO scheduler Scheduled Job Start: frappe.email.doctype.email_account.email_account.pull for site1.local
2024-04-24 16:00:58,603 INFO scheduler Scheduled Job Complete: frappe.email.doctype.email_account.email_account.pull for site1.local
2024-04-24 16:00:58,659 INFO scheduler Scheduled Job Start: frappe.email.queue.flush for site1.local
2024-04-24 16:00:58,822 INFO scheduler Scheduled Job Complete: frappe.email.queue.flush for site1.local
2024-04-24 16:00:58,879 INFO scheduler Scheduled Job Start: frappe.twofactor.delete_all_barcodes_for_users for site1.local
2024-04-24 16:00:59,181 INFO scheduler Scheduled Job Complete: frappe.twofactor.delete_all_barcodes_for_users for site1.local
2024-04-24 16:00:59,245 INFO scheduler Scheduled Job Start: frappe.website.doctype.web_page.web_page.check_publish_status for site1.local
2024-04-24 16:00:59,511 INFO scheduler Scheduled Job Complete: frappe.website.doctype.web_page.web_page.check_publish_status for site1.local
2024-04-24 16:00:59,612 INFO scheduler Scheduled Job Start: frappe.oauth.delete_oauth2_data for site1.local
2024-04-24 16:00:59,857 INFO scheduler Scheduled Job Complete: frappe.oauth.delete_oauth2_data for site1.local
2024-04-24 16:01:54,180 DEBUG scheduler Queued events for site site1.local
2024-04-24 16:02:54,341 DEBUG scheduler Queued events for site site1.local
2024-04-24 16:03:54,512 DEBUG scheduler Queued events for site site1.local
2024-04-24 16:04:54,665 DEBUG scheduler Queued events for site site1.local
2024-04-24 16:04:54,688 INFO scheduler Scheduled Job Start: frappe.monitor.flush for site1.local
2024-04-24 16:04:54,851 INFO scheduler Scheduled Job Complete: frappe.monitor.flush for site1.local
2024-04-24 16:04:54,924 INFO scheduler Scheduled Job Start: frappe.utils.global_search.sync_global_search for site1.local
2024-04-24 16:04:55,068 INFO scheduler Scheduled Job Complete: frappe.utils.global_search.sync_global_search for site1.local
2024-04-24 16:04:55,123 INFO scheduler Scheduled Job Start: frappe.integrations.doctype.razorpay_settings.razorpay_settings.capture_payment for site1.local
2024-04-24 16:04:55,378 INFO scheduler Scheduled Job Complete: frappe.integrations.doctype.razorpay_settings.razorpay_settings.capture_payment for site1.local
2024-04-24 16:04:55,436 INFO scheduler Scheduled Job Start: frappe.email.doctype.email_account.email_account.notify_unreplied for site1.local
2024-04-24 16:04:55,820 INFO scheduler Scheduled Job Complete: frappe.email.doctype.email_account.email_account.notify_unreplied for site1.local
2024-04-24 16:04:55,881 INFO scheduler Scheduled Job Start: frappe.email.doctype.email_account.email_account.pull for site1.local
2024-04-24 16:04:56,142 INFO scheduler Scheduled Job Complete: frappe.email.doctype.email_account.email_account.pull for site1.local
2024-04-24 16:04:56,210 INFO scheduler Scheduled Job Start: frappe.email.queue.flush for site1.local
2024-04-24 16:04:56,411 INFO scheduler Scheduled Job Complete: frappe.email.queue.flush for site1.local
2024-04-24 16:05:54,836 DEBUG scheduler Queued events for site site1.local
2024-04-24 16:06:54,991 DEBUG scheduler Queued events for site site1.local
2024-04-24 16:07:55,139 DEBUG scheduler Queued events for site site1.local
2024-04-24 16:08:55,323 DEBUG scheduler Queued events for site site1.local
2024-04-24 16:08:55,349 INFO scheduler Scheduled Job Start: frappe.monitor.flush for site1.local
2024-04-24 16:08:55,516 INFO scheduler Scheduled Job Complete: frappe.monitor.flush for site1.local
2024-04-24 16:08:55,597 INFO scheduler Scheduled Job Start: frappe.utils.global_search.sync_global_search for site1.local
2024-04-24 16:08:55,741 INFO scheduler Scheduled Job Complete: frappe.utils.global_search.sync_global_search for site1.local
2024-04-24 16:08:55,800 INFO scheduler Scheduled Job Start: frappe.integrations.doctype.razorpay_settings.razorpay_settings.capture_payment for site1.local
2024-04-24 16:08:56,042 INFO scheduler Scheduled Job Complete: frappe.integrations.doctype.razorpay_settings.razorpay_settings.capture_payment for site1.local
2024-04-24 16:08:56,106 INFO scheduler Scheduled Job Start: frappe.email.doctype.email_account.email_account.notify_unreplied for site1.local
2024-04-24 16:08:56,368 INFO scheduler Scheduled Job Complete: frappe.email.doctype.email_account.email_account.notify_unreplied for site1.local
2024-04-24 16:08:56,459 INFO scheduler Scheduled Job Start: frappe.email.doctype.email_account.email_account.pull for site1.local
2024-04-24 16:08:56,694 INFO scheduler Scheduled Job Complete: frappe.email.doctype.email_account.email_account.pull for site1.local
2024-04-24 16:08:56,768 INFO scheduler Scheduled Job Start: frappe.email.queue.flush for site1.local
2024-04-24 16:08:56,963 INFO scheduler Scheduled Job Complete: frappe.email.queue.flush for site1.local
2024-04-24 16:09:55,442 DEBUG scheduler Queued events for site site1.local
2024-04-24 16:10:55,614 DEBUG scheduler Queued events for site site1.local
2024-04-24 16:11:55,748 DEBUG scheduler Queued events for site site1.local
2024-04-24 16:12:55,933 DEBUG scheduler Queued events for site site1.local
2024-04-24 16:12:55,954 INFO scheduler Scheduled Job Start: frappe.monitor.flush for site1.local
2024-04-24 16:12:56,204 INFO scheduler Scheduled Job Complete: frappe.monitor.flush for site1.local
2024-04-24 16:12:56,281 INFO scheduler Scheduled Job Start: frappe.utils.global_search.sync_global_search for site1.local
2024-04-24 16:12:56,433 INFO scheduler Scheduled Job Complete: frappe.utils.global_search.sync_global_search for site1.local
2024-04-24 16:12:56,490 INFO scheduler Scheduled Job Start: frappe.integrations.doctype.razorpay_settings.razorpay_settings.capture_payment for site1.local
2024-04-24 16:12:56,769 INFO scheduler Scheduled Job Complete: frappe.integrations.doctype.razorpay_settings.razorpay_settings.capture_payment for site1.local
2024-04-24 16:12:56,830 INFO scheduler Scheduled Job Start: frappe.email.doctype.email_account.email_account.notify_unreplied for site1.local
2024-04-24 16:12:57,071 INFO scheduler Scheduled Job Complete: frappe.email.doctype.email_account.email_account.notify_unreplied for site1.local
2024-04-24 16:12:57,131 INFO scheduler Scheduled Job Start: frappe.email.doctype.email_account.email_account.pull for site1.local
2024-04-24 16:12:57,330 INFO scheduler Scheduled Job Complete: frappe.email.doctype.email_account.email_account.pull for site1.local
2024-04-24 16:12:57,387 INFO scheduler Scheduled Job Start: frappe.email.queue.flush for site1.local
2024-04-24 16:12:57,548 INFO scheduler Scheduled Job Complete: frappe.email.queue.flush for site1.local
2024-04-24 16:13:56,067 DEBUG scheduler Queued events for site site1.local
2024-04-24 16:14:56,229 DEBUG scheduler Queued events for site site1.local
2024-04-24 16:15:56,357 DEBUG scheduler Queued events for site site1.local
2024-04-24 16:15:56,399 INFO scheduler Scheduled Job Start: frappe.twofactor.delete_all_barcodes_for_users for site1.local
2024-04-24 16:15:56,658 INFO scheduler Scheduled Job Complete: frappe.twofactor.delete_all_barcodes_for_users for site1.local
2024-04-24 16:15:56,732 INFO scheduler Scheduled Job Start: frappe.website.doctype.web_page.web_page.check_publish_status for site1.local
2024-04-24 16:15:57,009 INFO scheduler Scheduled Job Complete: frappe.website.doctype.web_page.web_page.check_publish_status for site1.local
2024-04-24 16:15:57,075 INFO scheduler Scheduled Job Start: frappe.oauth.delete_oauth2_data for site1.local
2024-04-24 16:15:57,367 INFO scheduler Scheduled Job Complete: frappe.oauth.delete_oauth2_data for site1.local
2024-04-24 16:16:56,512 DEBUG scheduler Queued events for site site1.local
2024-04-24 16:16:56,533 INFO scheduler Scheduled Job Start: frappe.monitor.flush for site1.local
2024-04-24 16:16:56,700 INFO scheduler Scheduled Job Complete: frappe.monitor.flush for site1.local
2024-04-24 16:16:56,801 INFO scheduler Scheduled Job Start: frappe.utils.global_search.sync_global_search for site1.local
2024-04-24 16:16:56,976 INFO scheduler Scheduled Job Complete: frappe.utils.global_search.sync_global_search for site1.local
2024-04-24 16:16:57,045 INFO scheduler Scheduled Job Start: frappe.integrations.doctype.razorpay_settings.razorpay_settings.capture_payment for site1.local
2024-04-24 16:16:57,290 INFO scheduler Scheduled Job Complete: frappe.integrations.doctype.razorpay_settings.razorpay_settings.capture_payment for site1.local
2024-04-24 16:16:57,346 INFO scheduler Scheduled Job Start: frappe.email.doctype.email_account.email_account.notify_unreplied for site1.local
2024-04-24 16:16:57,575 INFO scheduler Scheduled Job Complete: frappe.email.doctype.email_account.email_account.notify_unreplied for site1.local
2024-04-24 16:16:57,646 INFO scheduler Scheduled Job Start: frappe.email.doctype.email_account.email_account.pull for site1.local
2024-04-24 16:16:57,890 INFO scheduler Scheduled Job Complete: frappe.email.doctype.email_account.email_account.pull for site1.local
2024-04-24 16:16:57,967 INFO scheduler Scheduled Job Start: frappe.email.queue.flush for site1.local
2024-04-24 16:16:58,141 INFO scheduler Scheduled Job Complete: frappe.email.queue.flush for site1.local
2024-04-24 16:17:56,684 DEBUG scheduler Queued events for site site1.local
2024-04-24 16:18:56,842 DEBUG scheduler Queued events for site site1.local
2024-04-24 16:19:56,996 DEBUG scheduler Queued events for site site1.local
2024-04-24 16:20:57,130 DEBUG scheduler Queued events for site site1.local
2024-04-24 16:20:57,157 INFO scheduler Scheduled Job Start: frappe.monitor.flush for site1.local
2024-04-24 16:20:57,313 INFO scheduler Scheduled Job Complete: frappe.monitor.flush for site1.local
2024-04-24 16:20:57,374 INFO scheduler Scheduled Job Start: frappe.utils.global_search.sync_global_search for site1.local
2024-04-24 16:20:57,522 INFO scheduler Scheduled Job Complete: frappe.utils.global_search.sync_global_search for site1.local
2024-04-24 16:20:57,578 INFO scheduler Scheduled Job Start: frappe.integrations.doctype.razorpay_settings.razorpay_settings.capture_payment for site1.local
2024-04-24 16:20:57,813 INFO scheduler Scheduled Job Complete: frappe.integrations.doctype.razorpay_settings.razorpay_settings.capture_payment for site1.local
2024-04-24 16:20:57,869 INFO scheduler Scheduled Job Start: frappe.email.doctype.email_account.email_account.notify_unreplied for site1.local
2024-04-24 16:20:58,114 INFO scheduler Scheduled Job Complete: frappe.email.doctype.email_account.email_account.notify_unreplied for site1.local
2024-04-24 16:20:58,171 INFO scheduler Scheduled Job Start: frappe.email.doctype.email_account.email_account.pull for site1.local
2024-04-24 16:20:58,377 INFO scheduler Scheduled Job Complete: frappe.email.doctype.email_account.email_account.pull for site1.local
2024-04-24 16:20:58,433 INFO scheduler Scheduled Job Start: frappe.email.queue.flush for site1.local
2024-04-24 16:20:58,611 INFO scheduler Scheduled Job Complete: frappe.email.queue.flush for site1.local
2024-04-24 16:21:57,227 DEBUG scheduler Queued events for site site1.local
2024-04-24 16:22:57,422 DEBUG scheduler Queued events for site site1.local
2024-04-24 16:23:57,567 DEBUG scheduler Queued events for site site1.local
2024-04-24 16:24:57,785 DEBUG scheduler Queued events for site site1.local
2024-04-24 16:24:57,816 INFO scheduler Scheduled Job Start: frappe.monitor.flush for site1.local
2024-04-24 16:24:58,021 INFO scheduler Scheduled Job Complete: frappe.monitor.flush for site1.local
2024-04-24 16:24:58,099 INFO scheduler Scheduled Job Start: frappe.utils.global_search.sync_global_search for site1.local
2024-04-24 16:24:58,262 INFO scheduler Scheduled Job Complete: frappe.utils.global_search.sync_global_search for site1.local
2024-04-24 16:24:58,335 INFO scheduler Scheduled Job Start: frappe.integrations.doctype.razorpay_settings.razorpay_settings.capture_payment for site1.local
2024-04-24 16:24:58,669 INFO scheduler Scheduled Job Complete: frappe.integrations.doctype.razorpay_settings.razorpay_settings.capture_payment for site1.local
2024-04-24 16:24:58,741 INFO scheduler Scheduled Job Start: frappe.email.doctype.email_account.email_account.notify_unreplied for site1.local
2024-04-24 16:24:58,970 INFO scheduler Scheduled Job Complete: frappe.email.doctype.email_account.email_account.notify_unreplied for site1.local
2024-04-24 16:24:59,035 INFO scheduler Scheduled Job Start: frappe.email.doctype.email_account.email_account.pull for site1.local
2024-04-24 16:24:59,267 INFO scheduler Scheduled Job Complete: frappe.email.doctype.email_account.email_account.pull for site1.local
2024-04-24 16:24:59,332 INFO scheduler Scheduled Job Start: frappe.email.queue.flush for site1.local
2024-04-24 16:24:59,530 INFO scheduler Scheduled Job Complete: frappe.email.queue.flush for site1.local
